2019-04-19 00:00:16,004 INFO PERFORMANCE:|2|0|-1|-1

2019-04-19 00:05:16,028 INFO PERFORMANCE:|2|0|-1|-1

2019-04-19 00:10:16,040 INFO PERFORMANCE:|2|0|-1|-1

2019-04-19 00:15:16,052 INFO PERFORMANCE:|2|0|-1|-1

2019-04-19 00:20:16,064 INFO PERFORMANCE:|2|0|-1|-1

2019-04-19 00:25:16,076 INFO PERFORMANCE:|2|0|-1|-1

2019-04-19 00:30:16,088 INFO PERFORMANCE:|2|0|-1|-1

2019-04-19 00:35:16,100 INFO PERFORMANCE:|2|0|-1|-1

2019-04-19 00:40:16,112 INFO PERFORMANCE:|2|0|-1|-1

2019-04-19 00:45:16,124 INFO PERFORMANCE:|2|0|-1|-1

2019-04-19 00:50:16,136 INFO PERFORMANCE:|2|0|-1|-1

2019-04-19 00:55:16,148 INFO PERFORMANCE:|2|0|-1|-1

2019-04-19 01:00:16,160 INFO PERFORMANCE:|2|0|-1|-1

2019-04-19 01:05:16,172 INFO PERFORMANCE:|2|0|-1|-1

2019-04-19 01:10:16,184 INFO PERFORMANCE:|2|0|-1|-1

2019-04-19 01:15:16,196 INFO PERFORMANCE:|2|0|-1|-1

2019-04-19 01:20:16,208 INFO PERFORMANCE:|2|0|-1|-1

2019-04-19 01:25:16,220 INFO PERFORMANCE:|2|0|-1|-1

2019-04-19 01:30:16,232 INFO PERFORMANCE:|2|0|-1|-1

2019-04-19 01:35:16,244 INFO PERFORMANCE:|2|0|-1|-1

2019-04-19 01:40:16,256 INFO PERFORMANCE:|2|0|-1|-1

2019-04-19 01:45:16,268 INFO PERFORMANCE:|2|0|-1|-1

2019-04-19 01:50:16,280 INFO PERFORMANCE:|2|0|-1|-1

2019-04-19 01:55:16,292 INFO PERFORMANCE:|2|0|-1|-1

2019-04-19 02:00:16,304 INFO PERFORMANCE:|2|0|-1|-1

2019-04-19 02:05:16,316 INFO PERFORMANCE:|2|0|-1|-1

2019-04-19 02:10:16,328 INFO PERFORMANCE:|2|0|-1|-1

2019-04-19 02:15:16,340 INFO PERFORMANCE:|2|0|-1|-1

2019-04-19 02:20:16,352 INFO PERFORMANCE:|2|0|-1|-1

2019-04-19 02:25:16,364 INFO PERFORMANCE:|2|0|-1|-1

2019-04-19 02:30:16,376 INFO PERFORMANCE:|2|0|-1|-1

2019-04-19 02:35:16,388 INFO PERFORMANCE:|2|0|-1|-1

2019-04-19 02:40:16,400 INFO PERFORMANCE:|2|0|-1|-1

2019-04-19 02:45:16,412 INFO PERFORMANCE:|2|0|-1|-1

2019-04-19 02:50:16,424 INFO PERFORMANCE:|2|0|-1|-1

2019-04-19 02:55:16,436 INFO PERFORMANCE:|2|0|-1|-1

2019-04-19 03:00:16,448 INFO PERFORMANCE:|2|0|-1|-1

2019-04-19 03:05:16,460 INFO PERFORMANCE:|2|0|-1|-1

2019-04-19 03:10:16,472 INFO PERFORMANCE:|2|0|-1|-1

2019-04-19 03:15:16,484 INFO PERFORMANCE:|2|0|-1|-1

2019-04-19 03:20:16,496 INFO PERFORMANCE:|2|0|-1|-1

2019-04-19 03:25:16,508 INFO PERFORMANCE:|2|0|-1|-1

2019-04-19 03:30:16,520 INFO PERFORMANCE:|2|0|-1|-1

2019-04-19 03:35:16,532 INFO PERFORMANCE:|2|0|-1|-1

2019-04-19 03:40:16,544 INFO PERFORMANCE:|2|0|-1|-1

2019-04-19 03:45:16,556 INFO PERFORMANCE:|2|0|-1|-1

2019-04-19 03:50:16,568 INFO PERFORMANCE:|2|0|-1|-1

2019-04-19 03:55:16,580 INFO PERFORMANCE:|2|0|-1|-1

2019-04-19 04:00:16,592 INFO PERFORMANCE:|2|0|-1|-1

2019-04-19 04:05:16,604 INFO PERFORMANCE:|2|0|-1|-1

2019-04-19 04:10:16,616 INFO PERFORMANCE:|2|0|-1|-1

2019-04-19 04:15:16,628 INFO PERFORMANCE:|2|0|-1|-1

2019-04-19 04:20:16,640 INFO PERFORMANCE:|2|0|-1|-1

2019-04-19 04:25:16,652 INFO PERFORMANCE:|2|0|-1|-1

2019-04-19 04:30:16,664 INFO PERFORMANCE:|2|0|-1|-1

2019-04-19 04:35:16,676 INFO PERFORMANCE:|2|0|-1|-1

2019-04-19 04:40:16,688 INFO PERFORMANCE:|2|0|-1|-1

2019-04-19 04:45:16,700 INFO PERFORMANCE:|2|0|-1|-1

2019-04-19 04:50:16,712 INFO PERFORMANCE:|2|0|-1|-1

2019-04-19 04:55:16,724 INFO PERFORMANCE:|2|0|-1|-1

2019-04-19 05:00:16,736 INFO PERFORMANCE:|2|0|-1|-1

2019-04-19 05:05:16,748 INFO PERFORMANCE:|2|0|-1|-1

2019-04-19 05:10:16,760 INFO PERFORMANCE:|2|0|-1|-1

2019-04-19 05:15:16,772 INFO PERFORMANCE:|2|0|-1|-1

2019-04-19 05:20:16,784 INFO PERFORMANCE:|2|0|-1|-1

2019-04-19 05:25:16,796 INFO PERFORMANCE:|2|0|-1|-1

2019-04-19 05:30:16,808 INFO PERFORMANCE:|2|0|-1|-1

2019-04-19 05:35:16,820 INFO PERFORMANCE:|2|0|-1|-1

2019-04-19 05:40:16,832 INFO PERFORMANCE:|2|0|-1|-1

2019-04-19 05:45:16,844 INFO PERFORMANCE:|2|0|-1|-1

2019-04-19 05:50:16,856 INFO PERFORMANCE:|2|0|-1|-1

2019-04-19 05:55:16,868 INFO PERFORMANCE:|2|0|-1|-1

2019-04-19 06:00:16,880 INFO PERFORMANCE:|2|0|-1|-1

2019-04-19 06:05:16,892 INFO PERFORMANCE:|2|0|-1|-1

2019-04-19 06:10:16,904 INFO PERFORMANCE:|2|0|-1|-1

2019-04-19 06:15:16,916 INFO PERFORMANCE:|2|0|-1|-1

2019-04-19 06:20:16,928 INFO PERFORMANCE:|2|0|-1|-1

2019-04-19 06:25:16,940 INFO PERFORMANCE:|2|0|-1|-1

2019-04-19 06:30:16,952 INFO PERFORMANCE:|2|0|-1|-1

2019-04-19 06:35:16,964 INFO PERFORMANCE:|2|0|-1|-1

2019-04-19 06:40:16,976 INFO PERFORMANCE:|2|0|-1|-1

2019-04-19 06:45:16,988 INFO PERFORMANCE:|2|0|-1|-1

2019-04-19 06:50:17,000 INFO PERFORMANCE:|2|0|-1|-1

2019-04-19 06:55:17,012 INFO PERFORMANCE:|2|0|-1|-1

2019-04-19 07:00:17,024 INFO PERFORMANCE:|2|0|-1|-1

2019-04-19 07:05:17,036 INFO PERFORMANCE:|2|0|-1|-1

2019-04-19 07:10:17,048 INFO PERFORMANCE:|2|0|-1|-1

2019-04-19 07:15:17,060 INFO PERFORMANCE:|2|0|-1|-1

2019-04-19 07:20:17,072 INFO PERFORMANCE:|2|0|-1|-1

2019-04-19 07:25:17,084 INFO PERFORMANCE:|2|0|-1|-1

2019-04-19 07:30:17,096 INFO PERFORMANCE:|2|0|-1|-1

2019-04-19 07:35:17,108 INFO PERFORMANCE:|2|0|-1|-1

2019-04-19 07:40:17,120 INFO PERFORMANCE:|2|0|-1|-1

2019-04-19 07:45:17,132 INFO PERFORMANCE:|2|0|-1|-1

2019-04-19 07:50:17,144 INFO PERFORMANCE:|2|0|-1|-1

2019-04-19 07:55:17,156 INFO PERFORMANCE:|2|0|-1|-1

2019-04-19 08:00:17,168 INFO PERFORMANCE:|2|0|-1|-1

2019-04-19 08:05:17,180 INFO PERFORMANCE:|2|0|-1|-1

2019-04-19 08:10:17,192 INFO PERFORMANCE:|2|0|-1|-1

2019-04-19 08:15:17,204 INFO PERFORMANCE:|2|0|-1|-1

2019-04-19 08:20:17,216 INFO PERFORMANCE:|2|0|-1|-1

2019-04-19 08:25:17,228 INFO PERFORMANCE:|2|0|-1|-1

2019-04-19 08:30:17,240 INFO PERFORMANCE:|2|0|-1|-1

2019-04-19 08:35:17,252 INFO PERFORMANCE:|2|0|-1|-1

2019-04-19 08:40:17,264 INFO PERFORMANCE:|2|0|-1|-1

2019-04-19 08:45:17,276 INFO PERFORMANCE:|2|0|-1|-1

2019-04-19 08:50:17,288 INFO PERFORMANCE:|2|0|-1|-1

2019-04-19 08:55:17,300 INFO PERFORMANCE:|2|0|-1|-1

2019-04-19 09:00:17,312 INFO PERFORMANCE:|2|0|-1|-1

2019-04-19 09:05:17,324 INFO PERFORMANCE:|2|0|-1|-1

2019-04-19 09:10:17,336 INFO PERFORMANCE:|2|0|-1|-1

2019-04-19 09:15:17,348 INFO PERFORMANCE:|2|0|-1|-1

2019-04-19 09:20:17,824 INFO PERFORMANCE:|2|0|-1|-1

2019-04-19 09:25:17,836 INFO PERFORMANCE:|2|0|-1|-1

2019-04-19 09:30:17,919 INFO PERFORMANCE:|2|0|-1|-1

2019-04-19 09:35:17,931 INFO PERFORMANCE:|2|0|-1|-1

2019-04-19 09:40:17,943 INFO PERFORMANCE:|2|0|-1|-1

2019-04-19 09:45:17,955 INFO PERFORMANCE:|2|0|-1|-1

2019-04-19 09:50:17,967 INFO PERFORMANCE:|2|0|-1|-1

2019-04-19 09:55:17,992 INFO PERFORMANCE:|2|0|-1|-1

2019-04-19 10:00:18,004 INFO PERFORMANCE:|2|0|-1|-1

2019-04-19 10:05:18,016 INFO PERFORMANCE:|2|0|-1|-1

2019-04-19 10:10:18,028 INFO PERFORMANCE:|2|0|-1|-1

2019-04-19 10:15:18,040 INFO PERFORMANCE:|2|0|-1|-1

2019-04-19 10:20:18,052 INFO PERFORMANCE:|2|0|-1|-1

2019-04-19 10:25:18,064 INFO PERFORMANCE:|2|2|-1|-1

2019-04-19 10:30:18,084 INFO PERFORMANCE:|2|0|-1|-1

2019-04-19 10:35:18,096 INFO PERFORMANCE:|2|0|-1|-1

2019-04-19 10:40:18,108 INFO PERFORMANCE:|2|1|-1|-1

2019-04-19 10:45:18,129 INFO PERFORMANCE:|2|0|-1|-1

2019-04-19 10:50:18,141 INFO PERFORMANCE:|2|0|-1|-1

2019-04-19 10:55:18,165 INFO PERFORMANCE:|2|2|-1|-1

2019-04-19 11:00:18,178 INFO PERFORMANCE:|2|0|-1|-1

2019-04-19 11:05:18,190 INFO PERFORMANCE:|2|2|-1|-1

2019-04-19 11:10:18,202 INFO PERFORMANCE:|2|2|-1|-1

2019-04-19 11:15:18,214 INFO PERFORMANCE:|2|1|-1|-1

2019-04-19 11:20:18,234 INFO PERFORMANCE:|2|2|-1|-1

2019-04-19 11:25:18,246 INFO PERFORMANCE:|2|2|-1|-1

2019-04-19 11:30:18,269 INFO PERFORMANCE:|2|2|-1|-1

2019-04-19 11:35:18,293 INFO PERFORMANCE:|2|1|-1|-1

2019-04-19 11:40:18,305 INFO PERFORMANCE:|2|0|-1|-1

2019-04-19 11:45:18,317 INFO PERFORMANCE:|2|0|-1|-1

2019-04-19 11:50:18,329 INFO PERFORMANCE:|2|0|-1|-1

2019-04-19 11:55:18,356 INFO PERFORMANCE:|2|0|-1|-1

2019-04-19 12:00:18,368 INFO PERFORMANCE:|2|0|-1|-1

2019-04-19 12:05:18,380 INFO PERFORMANCE:|2|0|-1|-1

2019-04-19 12:10:18,392 INFO PERFORMANCE:|2|0|-1|-1

2019-04-19 12:15:18,404 INFO PERFORMANCE:|2|0|-1|-1

2019-04-19 12:20:18,423 INFO PERFORMANCE:|2|0|-1|-1

2019-04-19 12:25:18,435 INFO PERFORMANCE:|2|0|-1|-1

2019-04-19 12:30:18,447 INFO PERFORMANCE:|2|0|-1|-1

2019-04-19 12:35:18,467 INFO PERFORMANCE:|2|0|-1|-1

2019-04-19 12:40:18,480 INFO PERFORMANCE:|2|0|-1|-1

2019-04-19 12:45:18,492 INFO PERFORMANCE:|2|0|-1|-1

2019-04-19 12:50:18,516 INFO PERFORMANCE:|2|0|-1|-1

2019-04-19 12:55:18,528 INFO PERFORMANCE:|2|0|-1|-1

2019-04-19 13:00:18,540 INFO PERFORMANCE:|2|0|-1|-1

2019-04-19 13:05:18,552 INFO PERFORMANCE:|2|0|-1|-1

2019-04-19 13:10:18,564 INFO PERFORMANCE:|2|0|-1|-1

2019-04-19 13:15:18,576 INFO PERFORMANCE:|2|0|-1|-1

2019-04-19 13:20:18,588 INFO PERFORMANCE:|2|0|-1|-1

2019-04-19 13:25:18,600 INFO PERFORMANCE:|2|0|-1|-1

2019-04-19 13:30:18,612 INFO PERFORMANCE:|2|0|-1|-1

2019-04-19 13:35:18,624 INFO PERFORMANCE:|2|0|-1|-1

2019-04-19 13:40:18,636 INFO PERFORMANCE:|2|0|-1|-1

2019-04-19 13:45:18,657 INFO PERFORMANCE:|2|1|-1|-1

2019-04-19 13:50:18,669 INFO PERFORMANCE:|2|1|-1|-1

2019-04-19 13:55:18,681 INFO PERFORMANCE:|2|0|-1|-1

2019-04-19 14:00:18,702 INFO PERFORMANCE:|2|0|-1|-1

2019-04-19 14:05:18,714 INFO PERFORMANCE:|2|0|-1|-1

2019-04-19 14:10:18,726 INFO PERFORMANCE:|2|0|-1|-1

2019-04-19 14:15:18,738 INFO PERFORMANCE:|2|0|-1|-1

2019-04-19 14:20:18,750 INFO PERFORMANCE:|2|0|-1|-1

2019-04-19 14:25:18,762 INFO PERFORMANCE:|2|0|-1|-1

2019-04-19 14:30:18,774 INFO PERFORMANCE:|2|0|-1|-1

2019-04-19 14:35:18,786 INFO PERFORMANCE:|2|0|-1|-1

2019-04-19 14:40:18,798 INFO PERFORMANCE:|2|0|-1|-1

2019-04-19 14:45:18,810 INFO PERFORMANCE:|2|0|-1|-1

2019-04-19 14:50:18,822 INFO PERFORMANCE:|2|0|-1|-1

